<?xml version="1.0" encoding="UTF-8"?>
<!-- Generated by org.testng.reporters.JUnitXMLReporter -->
<testsuite ignored="3" hostname="SaiBhaskar-PC" failures="6" tests="26" name="chrome" time="300.799" errors="0" timestamp="27 Jan 2021 10:06:39 GMT">
  <testcase classname="in.automationtesting.practice.testCases.MyAccountLogin_TC001" name="setURL" time="8.799"/>
  <testcase classname="in.automationtesting.practice.testCases.MyAccountLogin_TC002" name="setURL" time="7.739"/>
  <testcase classname="in.automationtesting.practice.testCases.MyAccountLogin_TC003" name="setURL" time="13.092"/>
  <testcase classname="in.automationtesting.practice.testCases.MyAccountLogin_TC004" name="setURL" time="9.876"/>
  <testcase classname="in.automationtesting.practice.testCases.MyAccountLogin_TC005" name="setURL" time="10.208"/>
  <testcase classname="in.automationtesting.practice.testCases.MyAccountLogin_TC007" name="setURL" time="8.654"/>
  <testcase classname="in.automationtesting.practice.testCases.MyAccountLogin_TC008" name="setURL" time="10.345"/>
  <testcase classname="in.automationtesting.practice.testCases.HomePageWithThreeSliders_TC001" name="setURL" time="8.961"/>
  <testcase classname="in.automationtesting.practice.testCases.HomePageWithThreeArrivals" name="homepagenav" time="0.125">
    <failure type="org.openqa.selenium.NoSuchElementException" message="no such element: Unable to locate element: {&amp;quot;method&amp;quot;:&amp;quot;xpath&amp;quot;,&amp;quot;selector&amp;quot;:&amp;quot;.//ul[@class=&amp;apos;main-nav&amp;apos;]/li[contains(.,&amp;apos;Shop&amp;apos;)]&amp;quot;}
  (Session info: chrome=87.0.4280.141)
For documentation on this error, please visit: https://www.seleniumhq.org/exceptions/no_such_element.html
Build info: version: &amp;apos;3.141.59&amp;apos;, revision: &amp;apos;e82be7d358&amp;apos;, time: &amp;apos;2018-11-14T08:17:03&amp;apos;
System info: host: &amp;apos;SAIBHASKAR-PC&amp;apos;, ip: &amp;apos;192.168.1.101&amp;apos;, os.name: &amp;apos;Windows 10&amp;apos;, os.arch: &amp;apos;amd64&amp;apos;, os.version: &amp;apos;10.0&amp;apos;, java.version: &amp;apos;14.0.2&amp;apos;
Driver info: org.openqa.selenium.chrome.ChromeDriver
Capabilities {acceptInsecureCerts: false, browserName: chrome, browserVersion: 87.0.4280.141, chrome: {chromedriverVersion: 87.0.4280.88 (89e2380a3e36c..., userDataDir: C:\Users\ssaib\AppData\Loca...}, goog:chromeOptions: {debuggerAddress: localhost:49416}, javascriptEnabled: true, networkConnectionEnabled: false, pageLoadStrategy: normal, platform: WINDOWS, platformName: WINDOWS, proxy: Proxy(), setWindowRect: true, strictFileInteractability: false, timeouts: {implicit: 0, pageLoad: 300000, script: 30000}, unhandledPromptBehavior: dismiss and notify, webauthn:virtualAuthenticators: true}
Session ID: a45e084780a0dd437aebb26570630fb0
*** Element info: {Using=xpath, value=.//ul[@class=&amp;apos;main-nav&amp;apos;]/li[contains(.,&amp;apos;Shop&amp;apos;)]}">
      <![CDATA[org.openqa.selenium.NoSuchElementException: no such element: Unable to locate element: {"method":"xpath","selector":".//ul[@class='main-nav']/li[contains(.,'Shop')]"}
  (Session info: chrome=87.0.4280.141)
For documentation on this error, please visit: https://www.seleniumhq.org/exceptions/no_such_element.html
Build info: version: '3.141.59', revision: 'e82be7d358', time: '2018-11-14T08:17:03'
System info: host: 'SAIBHASKAR-PC', ip: '192.168.1.101', os.name: 'Windows 10', os.arch: 'amd64', os.version: '10.0', java.version: '14.0.2'
Driver info: org.openqa.selenium.chrome.ChromeDriver
Capabilities {acceptInsecureCerts: false, browserName: chrome, browserVersion: 87.0.4280.141, chrome: {chromedriverVersion: 87.0.4280.88 (89e2380a3e36c..., userDataDir: C:\Users\ssaib\AppData\Loca...}, goog:chromeOptions: {debuggerAddress: localhost:49416}, javascriptEnabled: true, networkConnectionEnabled: false, pageLoadStrategy: normal, platform: WINDOWS, platformName: WINDOWS, proxy: Proxy(), setWindowRect: true, strictFileInteractability: false, timeouts: {implicit: 0, pageLoad: 300000, script: 30000}, unhandledPromptBehavior: dismiss and notify, webauthn:virtualAuthenticators: true}
Session ID: a45e084780a0dd437aebb26570630fb0
*** Element info: {Using=xpath, value=.//ul[@class='main-nav']/li[contains(.,'Shop')]}
at org.openqa.selenium.remote.http.W3CHttpResponseCodec.createException(W3CHttpResponseCodec.java:187)
at org.openqa.selenium.remote.http.W3CHttpResponseCodec.decode(W3CHttpResponseCodec.java:122)
at org.openqa.selenium.remote.http.W3CHttpResponseCodec.decode(W3CHttpResponseCodec.java:49)
at org.openqa.selenium.remote.HttpCommandExecutor.execute(HttpCommandExecutor.java:158)
at org.openqa.selenium.remote.service.DriverCommandExecutor.execute(DriverCommandExecutor.java:83)
at org.openqa.selenium.remote.RemoteWebDriver.execute(RemoteWebDriver.java:552)
at org.openqa.selenium.remote.RemoteWebDriver.findElement(RemoteWebDriver.java:323)
at org.openqa.selenium.remote.RemoteWebDriver.findElementByXPath(RemoteWebDriver.java:428)
at org.openqa.selenium.By$ByXPath.findElement(By.java:353)
at org.openqa.selenium.remote.RemoteWebDriver.findElement(RemoteWebDriver.java:315)
at org.openqa.selenium.support.pagefactory.DefaultElementLocator.findElement(DefaultElementLocator.java:69)
at org.openqa.selenium.support.pagefactory.internal.LocatingElementHandler.invoke(LocatingElementHandler.java:38)
at com.sun.proxy.$Proxy27.click(Unknown Source)
at in.automationtesting.practice.pageObjects.HomePage.clickOnMainNav(HomePage.java:45)
at in.automationtesting.practice.testCases.HomePageWithThreeArrivals.homepagenav(HomePageWithThreeArrivals.java:14)
at java.base/java.util.concurrent.FutureTask.run(FutureTask.java:264)
at java.base/java.util.concurrent.ThreadPoolExecutor.runWorker(ThreadPoolExecutor.java:1130)
at java.base/java.util.concurrent.ThreadPoolExecutor$Worker.run(ThreadPoolExecutor.java:630)
at java.base/java.lang.Thread.run(Thread.java:832)
... Removed 21 stack frames]]>
    </failure>
  </testcase> <!-- homepagenav -->
  <testcase classname="in.automationtesting.practice.testCases.MyAccountLogin_TC001" name="clickOnMyAccMenu" time="12.533"/>
  <testcase classname="in.automationtesting.practice.testCases.MyAccountLogin_TC002" name="clickOnMyAccMenu" time="14.086"/>
  <testcase classname="in.automationtesting.practice.testCases.MyAccountLogin_TC003" name="clickOnMyAccMenu" time="13.87"/>
  <testcase classname="in.automationtesting.practice.testCases.MyAccountLogin_TC004" name="clickOnMyAccMenu" time="14.561"/>
  <testcase classname="in.automationtesting.practice.testCases.MyAccountLogin_TC005" name="clickOnMyAccMenu" time="14.181"/>
  <testcase classname="in.automationtesting.practice.testCases.MyAccountLogin_TC007" name="clickOnMyAccMenu" time="14.293"/>
  <testcase classname="in.automationtesting.practice.testCases.MyAccountLogin_TC008" name="clickOnMyAccMenu" time="13.798"/>
  <testcase classname="in.automationtesting.practice.testCases.HomePageWithThreeSliders_TC001" name="clickOnShopMenu" time="17.785"/>
  <testcase classname="in.automationtesting.practice.testCases.MyAccountLogin_TC001" name="Login" time="8.381"/>
  <testcase classname="in.automationtesting.practice.testCases.MyAccountLogin_TC002" name="Login" time="6.937">
    <failure type="java.lang.AssertionError" message="expected [true] but found [false]">
      <![CDATA[java.lang.AssertionError: expected [true] but found [false]
at in.automationtesting.practice.testCases.MyAccountLogin_TC002.Login(MyAccountLogin_TC002.java:56)
at java.base/java.util.concurrent.FutureTask.run(FutureTask.java:264)
at java.base/java.util.concurrent.ThreadPoolExecutor.runWorker(ThreadPoolExecutor.java:1130)
at java.base/java.util.concurrent.ThreadPoolExecutor$Worker.run(ThreadPoolExecutor.java:630)
at java.base/java.lang.Thread.run(Thread.java:832)
... Removed 20 stack frames]]>
    </failure>
  </testcase> <!-- Login -->
  <testcase classname="in.automationtesting.practice.testCases.MyAccountLogin_TC003" name="Login" time="7.319">
    <failure type="java.lang.AssertionError" message="expected [true] but found [false]">
      <![CDATA[java.lang.AssertionError: expected [true] but found [false]
at in.automationtesting.practice.testCases.MyAccountLogin_TC003.Login(MyAccountLogin_TC003.java:58)
at java.base/java.util.concurrent.FutureTask.run(FutureTask.java:264)
at java.base/java.util.concurrent.ThreadPoolExecutor.runWorker(ThreadPoolExecutor.java:1130)
at java.base/java.util.concurrent.ThreadPoolExecutor$Worker.run(ThreadPoolExecutor.java:630)
at java.base/java.lang.Thread.run(Thread.java:832)
... Removed 20 stack frames]]>
    </failure>
  </testcase> <!-- Login -->
  <testcase classname="in.automationtesting.practice.testCases.MyAccountLogin_TC004" name="Login" time="7.563">
    <failure type="java.lang.AssertionError" message="expected [true] but found [false]">
      <![CDATA[java.lang.AssertionError: expected [true] but found [false]
at in.automationtesting.practice.testCases.MyAccountLogin_TC004.Login(MyAccountLogin_TC004.java:58)
at java.base/java.util.concurrent.FutureTask.run(FutureTask.java:264)
at java.base/java.util.concurrent.ThreadPoolExecutor.runWorker(ThreadPoolExecutor.java:1130)
at java.base/java.util.concurrent.ThreadPoolExecutor$Worker.run(ThreadPoolExecutor.java:630)
at java.base/java.lang.Thread.run(Thread.java:832)
... Removed 20 stack frames]]>
    </failure>
  </testcase> <!-- Login -->
  <testcase classname="in.automationtesting.practice.testCases.MyAccountLogin_TC005" name="Login" time="7.343">
    <failure type="java.lang.AssertionError" message="expected [true] but found [false]">
      <![CDATA[java.lang.AssertionError: expected [true] but found [false]
at in.automationtesting.practice.testCases.MyAccountLogin_TC005.Login(MyAccountLogin_TC005.java:58)
at java.base/java.util.concurrent.FutureTask.run(FutureTask.java:264)
at java.base/java.util.concurrent.ThreadPoolExecutor.runWorker(ThreadPoolExecutor.java:1130)
at java.base/java.util.concurrent.ThreadPoolExecutor$Worker.run(ThreadPoolExecutor.java:630)
at java.base/java.lang.Thread.run(Thread.java:832)
... Removed 20 stack frames]]>
    </failure>
  </testcase> <!-- Login -->
  <testcase classname="in.automationtesting.practice.testCases.MyAccountLogin_TC007" name="Login" time="7.629">
    <failure type="java.lang.AssertionError" message="expected [true] but found [false]">
      <![CDATA[java.lang.AssertionError: expected [true] but found [false]
at in.automationtesting.practice.testCases.MyAccountLogin_TC007.Login(MyAccountLogin_TC007.java:73)
at java.base/java.util.concurrent.FutureTask.run(FutureTask.java:264)
at java.base/java.util.concurrent.ThreadPoolExecutor.runWorker(ThreadPoolExecutor.java:1130)
at java.base/java.util.concurrent.ThreadPoolExecutor$Worker.run(ThreadPoolExecutor.java:630)
at java.base/java.lang.Thread.run(Thread.java:832)
... Removed 20 stack frames]]>
    </failure>
  </testcase> <!-- Login -->
  <testcase classname="in.automationtesting.practice.testCases.MyAccountLogin_TC008" name="Login" time="6.883"/>
  <testcase classname="in.automationtesting.practice.testCases.HomePageWithThreeSliders_TC001" name="verifySlider" time="0.344"/>
  <testcase classname="in.automationtesting.practice.testCases.MyAccountLogin_TC008" name="logOut" time="8.483"/>
  <testcase classname="in.automationtesting.practice.testCases.MyAccountLogin_TC008" name="registeration" time="0.0">
    <ignored/>
  </testcase> <!-- registeration -->
  <testcase classname="in.automationtesting.practice.testCases.MyAccountLogin_TC001" name="registeration" time="0.0">
    <ignored/>
  </testcase> <!-- registeration -->
  <testcase classname="in.automationtesting.practice.testCases.MyAccountLogin_TC007" name="registeration" time="0.0">
    <ignored/>
  </testcase> <!-- registeration -->
</testsuite> <!-- chrome -->
