<!DOCTYPE html PUBLIC "-//W3C//DTD XHTML 1.1//EN" "http://www.w3.org/TR/xhtml11/DTD/xhtml11.dtd">
<html xmlns="http://www.w3.org/1999/xhtml">
<head>
<meta http-equiv="content-type" content="text/html; charset=UTF-8"/>
<title>TestNG Report</title>
<style type="text/css">table {margin-bottom:10px;border-collapse:collapse;empty-cells:show}th,td {border:1px solid #009;padding:.25em .5em}th {vertical-align:bottom}td {vertical-align:top}table a {font-weight:bold}.stripe td {background-color: #E6EBF9}.num {text-align:right}.passedodd td {background-color: #3F3}.passedeven td {background-color: #0A0}.skippedodd td {background-color: #DDD}.skippedeven td {background-color: #CCC}.failedodd td,.attn {background-color: #F33}.failedeven td,.stripe .attn {background-color: #D00}.stacktrace {white-space:pre;font-family:monospace}.totop {font-size:85%;text-align:center;border-bottom:2px solid #000}.invisible {display:none}</style>
</head>
<body>
<table>
<tr><th>Test</th><th># Passed</th><th># Skipped</th><th># Failed</th><th>Time (ms)</th><th>Included Groups</th><th>Excluded Groups</th></tr>
<tr><th colspan="7">automationtesting</th></tr>
<tr><td><a href="#t0">chrome</a></td><td class="num">20</td><td class="num">0</td><td class="num attn">6</td><td class="num">300,799</td><td></td><td></td></tr>
</table>
<table id='summary'><thead><tr><th>Class</th><th>Method</th><th>Start</th><th>Time (ms)</th></tr></thead><tbody><tr><th colspan="4">automationtesting</th></tr></tbody><tbody id="t0"><tr><th colspan="4">chrome &#8212; failed</th></tr><tr class="failedeven"><td rowspan="1">in.automationtesting.practice.testCases.HomePageWithThreeArrivals</td><td><a href="#m0">homepagenav</a></td><td rowspan="1">1611741816362</td><td rowspan="1">125</td></tr><tr class="failedodd"><td rowspan="1">in.automationtesting.practice.testCases.MyAccountLogin_TC002</td><td><a href="#m1">Login</a></td><td rowspan="1">1611741942018</td><td rowspan="1">6937</td></tr><tr class="failedeven"><td rowspan="1">in.automationtesting.practice.testCases.MyAccountLogin_TC003</td><td><a href="#m2">Login</a></td><td rowspan="1">1611741949691</td><td rowspan="1">7319</td></tr><tr class="failedodd"><td rowspan="1">in.automationtesting.practice.testCases.MyAccountLogin_TC004</td><td><a href="#m3">Login</a></td><td rowspan="1">1611741957702</td><td rowspan="1">7563</td></tr><tr class="failedeven"><td rowspan="1">in.automationtesting.practice.testCases.MyAccountLogin_TC005</td><td><a href="#m4">Login</a></td><td rowspan="1">1611741965951</td><td rowspan="1">7343</td></tr><tr class="failedodd"><td rowspan="1">in.automationtesting.practice.testCases.MyAccountLogin_TC007</td><td><a href="#m5">Login</a></td><td rowspan="1">1611741973974</td><td rowspan="1">7629</td></tr><tr><th colspan="4">chrome &#8212; passed</th></tr><tr class="passedeven"><td rowspan="3">in.automationtesting.practice.testCases.HomePageWithThreeSliders_TC001</td><td><a href="#m6">clickOnShopMenu</a></td><td rowspan="1">1611741914683</td><td rowspan="1">17785</td></tr><tr class="passedeven"><td><a href="#m7">setURL</a></td><td rowspan="1">1611741801066</td><td rowspan="1">8961</td></tr><tr class="passedeven"><td><a href="#m8">verifySlider</a></td><td rowspan="1">1611741989239</td><td rowspan="1">344</td></tr><tr class="passedodd"><td rowspan="3">in.automationtesting.practice.testCases.MyAccountLogin_TC001</td><td><a href="#m9">Login</a></td><td rowspan="1">1611741932473</td><td rowspan="1">8381</td></tr><tr class="passedodd"><td><a href="#m10">clickOnMyAccMenu</a></td><td rowspan="1">1611741817340</td><td rowspan="1">12533</td></tr><tr class="passedodd"><td><a href="#m11">setURL</a></td><td rowspan="1">1611741705040</td><td rowspan="1">8799</td></tr><tr class="passedeven"><td rowspan="2">in.automationtesting.practice.testCases.MyAccountLogin_TC002</td><td><a href="#m12">clickOnMyAccMenu</a></td><td rowspan="1">1611741829875</td><td rowspan="1">14086</td></tr><tr class="passedeven"><td><a href="#m13">setURL</a></td><td rowspan="1">1611741718689</td><td rowspan="1">7739</td></tr><tr class="passedodd"><td rowspan="2">in.automationtesting.practice.testCases.MyAccountLogin_TC003</td><td><a href="#m14">clickOnMyAccMenu</a></td><td rowspan="1">1611741843964</td><td rowspan="1">13870</td></tr><tr class="passedodd"><td><a href="#m15">setURL</a></td><td rowspan="1">1611741729973</td><td rowspan="1">13092</td></tr><tr class="passedeven"><td rowspan="2">in.automationtesting.practice.testCases.MyAccountLogin_TC004</td><td><a href="#m16">clickOnMyAccMenu</a></td><td rowspan="1">1611741857836</td><td rowspan="1">14561</td></tr><tr class="passedeven"><td><a href="#m17">setURL</a></td><td rowspan="1">1611741746671</td><td rowspan="1">9876</td></tr><tr class="passedodd"><td rowspan="2">in.automationtesting.practice.testCases.MyAccountLogin_TC005</td><td><a href="#m18">clickOnMyAccMenu</a></td><td rowspan="1">1611741872400</td><td rowspan="1">14181</td></tr><tr class="passedodd"><td><a href="#m19">setURL</a></td><td rowspan="1">1611741760055</td><td rowspan="1">10208</td></tr><tr class="passedeven"><td rowspan="2">in.automationtesting.practice.testCases.MyAccountLogin_TC007</td><td><a href="#m20">clickOnMyAccMenu</a></td><td rowspan="1">1611741886585</td><td rowspan="1">14293</td></tr><tr class="passedeven"><td><a href="#m21">setURL</a></td><td rowspan="1">1611741774195</td><td rowspan="1">8654</td></tr><tr class="passedodd"><td rowspan="4">in.automationtesting.practice.testCases.MyAccountLogin_TC008</td><td><a href="#m22">Login</a></td><td rowspan="1">1611741982355</td><td rowspan="1">6883</td></tr><tr class="passedodd"><td><a href="#m23">clickOnMyAccMenu</a></td><td rowspan="1">1611741900880</td><td rowspan="1">13798</td></tr><tr class="passedodd"><td><a href="#m24">logOut</a></td><td rowspan="1">1611741990499</td><td rowspan="1">8483</td></tr><tr class="passedodd"><td><a href="#m25">setURL</a></td><td rowspan="1">1611741786446</td><td rowspan="1">10345</td></tr></tbody>
</table>
<h2>chrome</h2><h3 id="m0">in.automationtesting.practice.testCases.HomePageWithThreeArrivals#homepagenav</h3><table class="result"><tr><th>Exception</th></tr><tr><td><div class="stacktrace">org.openqa.selenium.NoSuchElementException: no such element: Unable to locate element: {&quot;method&quot;:&quot;xpath&quot;,&quot;selector&quot;:&quot;.//ul[@class=&apos;main-nav&apos;]/li[contains(.,&apos;Shop&apos;)]&quot;}
  (Session info: chrome=87.0.4280.141)
For documentation on this error, please visit: https://www.seleniumhq.org/exceptions/no_such_element.html
Build info: version: &apos;3.141.59&apos;, revision: &apos;e82be7d358&apos;, time: &apos;2018-11-14T08:17:03&apos;
System info: host: &apos;SAIBHASKAR-PC&apos;, ip: &apos;192.168.1.101&apos;, os.name: &apos;Windows 10&apos;, os.arch: &apos;amd64&apos;, os.version: &apos;10.0&apos;, java.version: &apos;14.0.2&apos;
Driver info: org.openqa.selenium.chrome.ChromeDriver
Capabilities {acceptInsecureCerts: false, browserName: chrome, browserVersion: 87.0.4280.141, chrome: {chromedriverVersion: 87.0.4280.88 (89e2380a3e36c..., userDataDir: C:\Users\ssaib\AppData\Loca...}, goog:chromeOptions: {debuggerAddress: localhost:49416}, javascriptEnabled: true, networkConnectionEnabled: false, pageLoadStrategy: normal, platform: WINDOWS, platformName: WINDOWS, proxy: Proxy(), setWindowRect: true, strictFileInteractability: false, timeouts: {implicit: 0, pageLoad: 300000, script: 30000}, unhandledPromptBehavior: dismiss and notify, webauthn:virtualAuthenticators: true}
Session ID: a45e084780a0dd437aebb26570630fb0
*** Element info: {Using=xpath, value=.//ul[@class=&apos;main-nav&apos;]/li[contains(.,&apos;Shop&apos;)]}
	at org.openqa.selenium.remote.http.W3CHttpResponseCodec.createException(W3CHttpResponseCodec.java:187)
	at org.openqa.selenium.remote.http.W3CHttpResponseCodec.decode(W3CHttpResponseCodec.java:122)
	at org.openqa.selenium.remote.http.W3CHttpResponseCodec.decode(W3CHttpResponseCodec.java:49)
	at org.openqa.selenium.remote.HttpCommandExecutor.execute(HttpCommandExecutor.java:158)
	at org.openqa.selenium.remote.service.DriverCommandExecutor.execute(DriverCommandExecutor.java:83)
	at org.openqa.selenium.remote.RemoteWebDriver.execute(RemoteWebDriver.java:552)
	at org.openqa.selenium.remote.RemoteWebDriver.findElement(RemoteWebDriver.java:323)
	at org.openqa.selenium.remote.RemoteWebDriver.findElementByXPath(RemoteWebDriver.java:428)
	at org.openqa.selenium.By$ByXPath.findElement(By.java:353)
	at org.openqa.selenium.remote.RemoteWebDriver.findElement(RemoteWebDriver.java:315)
	at org.openqa.selenium.support.pagefactory.DefaultElementLocator.findElement(DefaultElementLocator.java:69)
	at org.openqa.selenium.support.pagefactory.internal.LocatingElementHandler.invoke(LocatingElementHandler.java:38)
	at com.sun.proxy.$Proxy27.click(Unknown Source)
	at in.automationtesting.practice.pageObjects.HomePage.clickOnMainNav(HomePage.java:45)
	at in.automationtesting.practice.testCases.HomePageWithThreeArrivals.homepagenav(HomePageWithThreeArrivals.java:14)
	at java.base/java.util.concurrent.FutureTask.run(FutureTask.java:264)
	at java.base/java.util.concurrent.ThreadPoolExecutor.runWorker(ThreadPoolExecutor.java:1130)
	at java.base/java.util.concurrent.ThreadPoolExecutor$Worker.run(ThreadPoolExecutor.java:630)
	at java.base/java.lang.Thread.run(Thread.java:832)
... Removed 21 stack frames</div></td></tr></table><p class="totop"><a href="#summary">back to summary</a></p>
<h3 id="m1">in.automationtesting.practice.testCases.MyAccountLogin_TC002#Login</h3><table class="result"><tr><th>Exception</th></tr><tr><td><div class="stacktrace">java.lang.AssertionError: expected [true] but found [false]
	at in.automationtesting.practice.testCases.MyAccountLogin_TC002.Login(MyAccountLogin_TC002.java:56)
	at java.base/java.util.concurrent.FutureTask.run(FutureTask.java:264)
	at java.base/java.util.concurrent.ThreadPoolExecutor.runWorker(ThreadPoolExecutor.java:1130)
	at java.base/java.util.concurrent.ThreadPoolExecutor$Worker.run(ThreadPoolExecutor.java:630)
	at java.base/java.lang.Thread.run(Thread.java:832)
... Removed 20 stack frames</div></td></tr></table><p class="totop"><a href="#summary">back to summary</a></p>
<h3 id="m2">in.automationtesting.practice.testCases.MyAccountLogin_TC003#Login</h3><table class="result"><tr><th>Exception</th></tr><tr><td><div class="stacktrace">java.lang.AssertionError: expected [true] but found [false]
	at in.automationtesting.practice.testCases.MyAccountLogin_TC003.Login(MyAccountLogin_TC003.java:58)
	at java.base/java.util.concurrent.FutureTask.run(FutureTask.java:264)
	at java.base/java.util.concurrent.ThreadPoolExecutor.runWorker(ThreadPoolExecutor.java:1130)
	at java.base/java.util.concurrent.ThreadPoolExecutor$Worker.run(ThreadPoolExecutor.java:630)
	at java.base/java.lang.Thread.run(Thread.java:832)
... Removed 20 stack frames</div></td></tr></table><p class="totop"><a href="#summary">back to summary</a></p>
<h3 id="m3">in.automationtesting.practice.testCases.MyAccountLogin_TC004#Login</h3><table class="result"><tr><th>Exception</th></tr><tr><td><div class="stacktrace">java.lang.AssertionError: expected [true] but found [false]
	at in.automationtesting.practice.testCases.MyAccountLogin_TC004.Login(MyAccountLogin_TC004.java:58)
	at java.base/java.util.concurrent.FutureTask.run(FutureTask.java:264)
	at java.base/java.util.concurrent.ThreadPoolExecutor.runWorker(ThreadPoolExecutor.java:1130)
	at java.base/java.util.concurrent.ThreadPoolExecutor$Worker.run(ThreadPoolExecutor.java:630)
	at java.base/java.lang.Thread.run(Thread.java:832)
... Removed 20 stack frames</div></td></tr></table><p class="totop"><a href="#summary">back to summary</a></p>
<h3 id="m4">in.automationtesting.practice.testCases.MyAccountLogin_TC005#Login</h3><table class="result"><tr><th>Exception</th></tr><tr><td><div class="stacktrace">java.lang.AssertionError: expected [true] but found [false]
	at in.automationtesting.practice.testCases.MyAccountLogin_TC005.Login(MyAccountLogin_TC005.java:58)
	at java.base/java.util.concurrent.FutureTask.run(FutureTask.java:264)
	at java.base/java.util.concurrent.ThreadPoolExecutor.runWorker(ThreadPoolExecutor.java:1130)
	at java.base/java.util.concurrent.ThreadPoolExecutor$Worker.run(ThreadPoolExecutor.java:630)
	at java.base/java.lang.Thread.run(Thread.java:832)
... Removed 20 stack frames</div></td></tr></table><p class="totop"><a href="#summary">back to summary</a></p>
<h3 id="m5">in.automationtesting.practice.testCases.MyAccountLogin_TC007#Login</h3><table class="result"><tr><th>Exception</th></tr><tr><td><div class="stacktrace">java.lang.AssertionError: expected [true] but found [false]
	at in.automationtesting.practice.testCases.MyAccountLogin_TC007.Login(MyAccountLogin_TC007.java:73)
	at java.base/java.util.concurrent.FutureTask.run(FutureTask.java:264)
	at java.base/java.util.concurrent.ThreadPoolExecutor.runWorker(ThreadPoolExecutor.java:1130)
	at java.base/java.util.concurrent.ThreadPoolExecutor$Worker.run(ThreadPoolExecutor.java:630)
	at java.base/java.lang.Thread.run(Thread.java:832)
... Removed 20 stack frames</div></td></tr></table><p class="totop"><a href="#summary">back to summary</a></p>
<h3 id="m6">in.automationtesting.practice.testCases.HomePageWithThreeSliders_TC001#clickOnShopMenu</h3><table class="result"><tr><th class="invisible"/></tr></table><p class="totop"><a href="#summary">back to summary</a></p>
<h3 id="m7">in.automationtesting.practice.testCases.HomePageWithThreeSliders_TC001#setURL</h3><table class="result"><tr><th class="invisible"/></tr></table><p class="totop"><a href="#summary">back to summary</a></p>
<h3 id="m8">in.automationtesting.practice.testCases.HomePageWithThreeSliders_TC001#verifySlider</h3><table class="result"><tr><th class="invisible"/></tr></table><p class="totop"><a href="#summary">back to summary</a></p>
<h3 id="m9">in.automationtesting.practice.testCases.MyAccountLogin_TC001#Login</h3><table class="result"><tr><th class="invisible"/></tr></table><p class="totop"><a href="#summary">back to summary</a></p>
<h3 id="m10">in.automationtesting.practice.testCases.MyAccountLogin_TC001#clickOnMyAccMenu</h3><table class="result"><tr><th class="invisible"/></tr></table><p class="totop"><a href="#summary">back to summary</a></p>
<h3 id="m11">in.automationtesting.practice.testCases.MyAccountLogin_TC001#setURL</h3><table class="result"><tr><th class="invisible"/></tr></table><p class="totop"><a href="#summary">back to summary</a></p>
<h3 id="m12">in.automationtesting.practice.testCases.MyAccountLogin_TC002#clickOnMyAccMenu</h3><table class="result"><tr><th class="invisible"/></tr></table><p class="totop"><a href="#summary">back to summary</a></p>
<h3 id="m13">in.automationtesting.practice.testCases.MyAccountLogin_TC002#setURL</h3><table class="result"><tr><th class="invisible"/></tr></table><p class="totop"><a href="#summary">back to summary</a></p>
<h3 id="m14">in.automationtesting.practice.testCases.MyAccountLogin_TC003#clickOnMyAccMenu</h3><table class="result"><tr><th class="invisible"/></tr></table><p class="totop"><a href="#summary">back to summary</a></p>
<h3 id="m15">in.automationtesting.practice.testCases.MyAccountLogin_TC003#setURL</h3><table class="result"><tr><th class="invisible"/></tr></table><p class="totop"><a href="#summary">back to summary</a></p>
<h3 id="m16">in.automationtesting.practice.testCases.MyAccountLogin_TC004#clickOnMyAccMenu</h3><table class="result"><tr><th class="invisible"/></tr></table><p class="totop"><a href="#summary">back to summary</a></p>
<h3 id="m17">in.automationtesting.practice.testCases.MyAccountLogin_TC004#setURL</h3><table class="result"><tr><th class="invisible"/></tr></table><p class="totop"><a href="#summary">back to summary</a></p>
<h3 id="m18">in.automationtesting.practice.testCases.MyAccountLogin_TC005#clickOnMyAccMenu</h3><table class="result"><tr><th class="invisible"/></tr></table><p class="totop"><a href="#summary">back to summary</a></p>
<h3 id="m19">in.automationtesting.practice.testCases.MyAccountLogin_TC005#setURL</h3><table class="result"><tr><th class="invisible"/></tr></table><p class="totop"><a href="#summary">back to summary</a></p>
<h3 id="m20">in.automationtesting.practice.testCases.MyAccountLogin_TC007#clickOnMyAccMenu</h3><table class="result"><tr><th class="invisible"/></tr></table><p class="totop"><a href="#summary">back to summary</a></p>
<h3 id="m21">in.automationtesting.practice.testCases.MyAccountLogin_TC007#setURL</h3><table class="result"><tr><th class="invisible"/></tr></table><p class="totop"><a href="#summary">back to summary</a></p>
<h3 id="m22">in.automationtesting.practice.testCases.MyAccountLogin_TC008#Login</h3><table class="result"><tr><th class="invisible"/></tr></table><p class="totop"><a href="#summary">back to summary</a></p>
<h3 id="m23">in.automationtesting.practice.testCases.MyAccountLogin_TC008#clickOnMyAccMenu</h3><table class="result"><tr><th class="invisible"/></tr></table><p class="totop"><a href="#summary">back to summary</a></p>
<h3 id="m24">in.automationtesting.practice.testCases.MyAccountLogin_TC008#logOut</h3><table class="result"><tr><th class="invisible"/></tr></table><p class="totop"><a href="#summary">back to summary</a></p>
<h3 id="m25">in.automationtesting.practice.testCases.MyAccountLogin_TC008#setURL</h3><table class="result"><tr><th class="invisible"/></tr></table><p class="totop"><a href="#summary">back to summary</a></p>
</body>
</html>
