<?xml version="1.0" encoding="UTF-8"?>
<testng-results ignored="3" total="29" passed="20" failed="6" skipped="0">
  <reporter-output>
  </reporter-output>
  <suite started-at="2021-01-27T10:01:39Z" name="automationtesting" finished-at="2021-01-27T10:06:39Z" duration-ms="300799">
    <groups>
    </groups>
    <test started-at="2021-01-27T10:01:39Z" name="chrome" finished-at="2021-01-27T10:06:39Z" duration-ms="300799">
      <class name="in.automationtesting.practice.testCases.MyAccountLogin_TC002">
        <test-method is-config="true" signature="setUp(java.lang.String)[pri:0, instance:in.automationtesting.practice.testCases.MyAccountLogin_TC002@77a98a6a]" started-at="2021-01-27T10:01:53Z" name="setUp" finished-at="2021-01-27T10:01:58Z" duration-ms="4781" status="PASS">
          <params>
            <param index="0">
              <value>
                <![CDATA[Chrome]]>
              </value>
            </param>
          </params>
          <reporter-output>
          </reporter-output>
        </test-method> <!-- setUp -->
        <test-method signature="setURL()[pri:1, instance:in.automationtesting.practice.testCases.MyAccountLogin_TC002@77a98a6a]" started-at="2021-01-27T10:01:58Z" name="setURL" description="setURL" finished-at="2021-01-27T10:02:06Z" duration-ms="7739" status="PASS">
          <reporter-output>
          </reporter-output>
        </test-method> <!-- setURL -->
        <test-method signature="clickOnMyAccMenu()[pri:2, instance:in.automationtesting.practice.testCases.MyAccountLogin_TC002@77a98a6a]" started-at="2021-01-27T10:03:49Z" name="clickOnMyAccMenu" description="Click on My Account Menu" finished-at="2021-01-27T10:04:03Z" duration-ms="14086" status="PASS">
          <reporter-output>
          </reporter-output>
        </test-method> <!-- clickOnMyAccMenu -->
        <test-method signature="Login()[pri:3, instance:in.automationtesting.practice.testCases.MyAccountLogin_TC002@77a98a6a]" started-at="2021-01-27T10:05:42Z" name="Login" description="Click on Register" finished-at="2021-01-27T10:05:48Z" duration-ms="6937" status="FAIL">
          <exception class="java.lang.AssertionError">
            <message>
              <![CDATA[expected [true] but found [false]]]>
            </message>
            <full-stacktrace>
              <![CDATA[java.lang.AssertionError: expected [true] but found [false]
at org.testng.Assert.fail(Assert.java:96)
at org.testng.Assert.failNotEquals(Assert.java:776)
at org.testng.Assert.assertTrue(Assert.java:44)
at org.testng.Assert.assertTrue(Assert.java:54)
at in.automationtesting.practice.testCases.MyAccountLogin_TC002.Login(MyAccountLogin_TC002.java:56)
at java.base/jdk.internal.reflect.NativeMethodAccessorImpl.invoke0(Native Method)
at java.base/jdk.internal.reflect.NativeMethodAccessorImpl.invoke(NativeMethodAccessorImpl.java:62)
at java.base/jdk.internal.reflect.DelegatingMethodAccessorImpl.invoke(DelegatingMethodAccessorImpl.java:43)
at java.base/java.lang.reflect.Method.invoke(Method.java:564)
at org.testng.internal.MethodInvocationHelper.invokeMethod(MethodInvocationHelper.java:124)
at org.testng.internal.Invoker.invokeMethod(Invoker.java:583)
at org.testng.internal.Invoker.invokeTestMethod(Invoker.java:719)
at org.testng.internal.Invoker.invokeTestMethods(Invoker.java:989)
at org.testng.internal.TestMethodWorker.invokeTestMethods(TestMethodWorker.java:125)
at org.testng.internal.TestMethodWorker.run(TestMethodWorker.java:109)
at org.testng.TestRunner.privateRun(TestRunner.java:648)
at org.testng.TestRunner.run(TestRunner.java:505)
at org.testng.SuiteRunner.runTest(SuiteRunner.java:455)
at org.testng.SuiteRunner.access$000(SuiteRunner.java:40)
at org.testng.SuiteRunner$SuiteWorker.run(SuiteRunner.java:489)
at org.testng.internal.thread.ThreadUtil$1.call(ThreadUtil.java:52)
at java.base/java.util.concurrent.FutureTask.run(FutureTask.java:264)
at java.base/java.util.concurrent.ThreadPoolExecutor.runWorker(ThreadPoolExecutor.java:1130)
at java.base/java.util.concurrent.ThreadPoolExecutor$Worker.run(ThreadPoolExecutor.java:630)
at java.base/java.lang.Thread.run(Thread.java:832)
]]>
            </full-stacktrace>
          </exception> <!-- java.lang.AssertionError -->
          <reporter-output>
          </reporter-output>
        </test-method> <!-- Login -->
        <test-method is-config="true" signature="tearDown()[pri:0, instance:in.automationtesting.practice.testCases.MyAccountLogin_TC002@77a98a6a]" started-at="2021-01-27T10:05:48Z" name="tearDown" finished-at="2021-01-27T10:05:49Z" duration-ms="723" status="PASS">
          <reporter-output>
          </reporter-output>
        </test-method> <!-- tearDown -->
      </class> <!-- in.automationtesting.practice.testCases.MyAccountLogin_TC002 -->
      <class name="in.automationtesting.practice.testCases.MyAccountLogin_TC003">
        <test-method is-config="true" signature="setUp(java.lang.String)[pri:0, instance:in.automationtesting.practice.testCases.MyAccountLogin_TC003@78fbff54]" started-at="2021-01-27T10:02:06Z" name="setUp" finished-at="2021-01-27T10:02:09Z" duration-ms="3541" status="PASS">
          <params>
            <param index="0">
              <value>
                <![CDATA[Chrome]]>
              </value>
            </param>
          </params>
          <reporter-output>
          </reporter-output>
        </test-method> <!-- setUp -->
        <test-method signature="setURL()[pri:1, instance:in.automationtesting.practice.testCases.MyAccountLogin_TC003@78fbff54]" started-at="2021-01-27T10:02:09Z" name="setURL" description="setURL" finished-at="2021-01-27T10:02:23Z" duration-ms="13092" status="PASS">
          <reporter-output>
          </reporter-output>
        </test-method> <!-- setURL -->
        <test-method signature="clickOnMyAccMenu()[pri:2, instance:in.automationtesting.practice.testCases.MyAccountLogin_TC003@78fbff54]" started-at="2021-01-27T10:04:03Z" name="clickOnMyAccMenu" description="Click on My Account Menu" finished-at="2021-01-27T10:04:17Z" duration-ms="13870" status="PASS">
          <reporter-output>
          </reporter-output>
        </test-method> <!-- clickOnMyAccMenu -->
        <test-method signature="Login()[pri:3, instance:in.automationtesting.practice.testCases.MyAccountLogin_TC003@78fbff54]" started-at="2021-01-27T10:05:49Z" name="Login" description="Click on Register" finished-at="2021-01-27T10:05:57Z" duration-ms="7319" status="FAIL">
          <exception class="java.lang.AssertionError">
            <message>
              <![CDATA[expected [true] but found [false]]]>
            </message>
            <full-stacktrace>
              <![CDATA[java.lang.AssertionError: expected [true] but found [false]
at org.testng.Assert.fail(Assert.java:96)
at org.testng.Assert.failNotEquals(Assert.java:776)
at org.testng.Assert.assertTrue(Assert.java:44)
at org.testng.Assert.assertTrue(Assert.java:54)
at in.automationtesting.practice.testCases.MyAccountLogin_TC003.Login(MyAccountLogin_TC003.java:58)
at java.base/jdk.internal.reflect.NativeMethodAccessorImpl.invoke0(Native Method)
at java.base/jdk.internal.reflect.NativeMethodAccessorImpl.invoke(NativeMethodAccessorImpl.java:62)
at java.base/jdk.internal.reflect.DelegatingMethodAccessorImpl.invoke(DelegatingMethodAccessorImpl.java:43)
at java.base/java.lang.reflect.Method.invoke(Method.java:564)
at org.testng.internal.MethodInvocationHelper.invokeMethod(MethodInvocationHelper.java:124)
at org.testng.internal.Invoker.invokeMethod(Invoker.java:583)
at org.testng.internal.Invoker.invokeTestMethod(Invoker.java:719)
at org.testng.internal.Invoker.invokeTestMethods(Invoker.java:989)
at org.testng.internal.TestMethodWorker.invokeTestMethods(TestMethodWorker.java:125)
at org.testng.internal.TestMethodWorker.run(TestMethodWorker.java:109)
at org.testng.TestRunner.privateRun(TestRunner.java:648)
at org.testng.TestRunner.run(TestRunner.java:505)
at org.testng.SuiteRunner.runTest(SuiteRunner.java:455)
at org.testng.SuiteRunner.access$000(SuiteRunner.java:40)
at org.testng.SuiteRunner$SuiteWorker.run(SuiteRunner.java:489)
at org.testng.internal.thread.ThreadUtil$1.call(ThreadUtil.java:52)
at java.base/java.util.concurrent.FutureTask.run(FutureTask.java:264)
at java.base/java.util.concurrent.ThreadPoolExecutor.runWorker(ThreadPoolExecutor.java:1130)
at java.base/java.util.concurrent.ThreadPoolExecutor$Worker.run(ThreadPoolExecutor.java:630)
at java.base/java.lang.Thread.run(Thread.java:832)
]]>
            </full-stacktrace>
          </exception> <!-- java.lang.AssertionError -->
          <reporter-output>
          </reporter-output>
        </test-method> <!-- Login -->
        <test-method is-config="true" signature="tearDown()[pri:0, instance:in.automationtesting.practice.testCases.MyAccountLogin_TC003@78fbff54]" started-at="2021-01-27T10:05:57Z" name="tearDown" finished-at="2021-01-27T10:05:57Z" duration-ms="690" status="PASS">
          <reporter-output>
          </reporter-output>
        </test-method> <!-- tearDown -->
      </class> <!-- in.automationtesting.practice.testCases.MyAccountLogin_TC003 -->
      <class name="in.automationtesting.practice.testCases.MyAccountLogin_TC001">
        <test-method is-config="true" signature="setUp(java.lang.String)[pri:0, instance:in.automationtesting.practice.testCases.MyAccountLogin_TC001@3f0846c6]" started-at="2021-01-27T10:01:39Z" name="setUp" finished-at="2021-01-27T10:01:45Z" duration-ms="5967" status="PASS">
          <params>
            <param index="0">
              <value>
                <![CDATA[Chrome]]>
              </value>
            </param>
          </params>
          <reporter-output>
          </reporter-output>
        </test-method> <!-- setUp -->
        <test-method signature="setURL()[pri:1, instance:in.automationtesting.practice.testCases.MyAccountLogin_TC001@3f0846c6]" started-at="2021-01-27T10:01:45Z" name="setURL" description="setURL" finished-at="2021-01-27T10:01:53Z" duration-ms="8799" status="PASS">
          <reporter-output>
          </reporter-output>
        </test-method> <!-- setURL -->
        <test-method signature="clickOnMyAccMenu()[pri:2, instance:in.automationtesting.practice.testCases.MyAccountLogin_TC001@3f0846c6]" started-at="2021-01-27T10:03:37Z" name="clickOnMyAccMenu" description="Click on My Account Menu" finished-at="2021-01-27T10:03:49Z" duration-ms="12533" status="PASS">
          <reporter-output>
          </reporter-output>
        </test-method> <!-- clickOnMyAccMenu -->
        <test-method signature="Login()[pri:3, instance:in.automationtesting.practice.testCases.MyAccountLogin_TC001@3f0846c6]" started-at="2021-01-27T10:05:32Z" name="Login" description="Click on Register" finished-at="2021-01-27T10:05:40Z" duration-ms="8381" status="PASS">
          <reporter-output>
          </reporter-output>
        </test-method> <!-- Login -->
        <test-method is-config="true" signature="tearDown()[pri:0, instance:in.automationtesting.practice.testCases.MyAccountLogin_TC001@3f0846c6]" started-at="2021-01-27T10:05:40Z" name="tearDown" finished-at="2021-01-27T10:05:42Z" duration-ms="1158" status="PASS">
          <reporter-output>
          </reporter-output>
        </test-method> <!-- tearDown -->
      </class> <!-- in.automationtesting.practice.testCases.MyAccountLogin_TC001 -->
      <class name="in.automationtesting.practice.testCases.HomePageWithThreeSliders_TC001">
        <test-method is-config="true" signature="setUp(java.lang.String)[pri:0, instance:in.automationtesting.practice.testCases.HomePageWithThreeSliders_TC001@6941827a]" started-at="2021-01-27T10:03:16Z" name="setUp" finished-at="2021-01-27T10:03:21Z" duration-ms="4273" status="PASS">
          <params>
            <param index="0">
              <value>
                <![CDATA[Chrome]]>
              </value>
            </param>
          </params>
          <reporter-output>
          </reporter-output>
        </test-method> <!-- setUp -->
        <test-method signature="setURL()[pri:1, instance:in.automationtesting.practice.testCases.HomePageWithThreeSliders_TC001@6941827a]" started-at="2021-01-27T10:03:21Z" name="setURL" description="setURL" finished-at="2021-01-27T10:03:30Z" duration-ms="8961" status="PASS">
          <reporter-output>
          </reporter-output>
        </test-method> <!-- setURL -->
        <test-method signature="clickOnShopMenu()[pri:2, instance:in.automationtesting.practice.testCases.HomePageWithThreeSliders_TC001@6941827a]" started-at="2021-01-27T10:05:14Z" name="clickOnShopMenu" description="Click on Shop Menu" finished-at="2021-01-27T10:05:32Z" duration-ms="17785" status="PASS">
          <reporter-output>
          </reporter-output>
        </test-method> <!-- clickOnShopMenu -->
        <test-method signature="verifySlider()[pri:3, instance:in.automationtesting.practice.testCases.HomePageWithThreeSliders_TC001@6941827a]" started-at="2021-01-27T10:06:29Z" name="verifySlider" description="Sliders" finished-at="2021-01-27T10:06:29Z" duration-ms="344" status="PASS">
          <reporter-output>
          </reporter-output>
        </test-method> <!-- verifySlider -->
        <test-method is-config="true" signature="tearDown()[pri:0, instance:in.automationtesting.practice.testCases.HomePageWithThreeSliders_TC001@6941827a]" started-at="2021-01-27T10:06:29Z" name="tearDown" finished-at="2021-01-27T10:06:30Z" duration-ms="913" status="PASS">
          <reporter-output>
          </reporter-output>
        </test-method> <!-- tearDown -->
      </class> <!-- in.automationtesting.practice.testCases.HomePageWithThreeSliders_TC001 -->
      <class name="in.automationtesting.practice.testCases.MyAccountLogin_TC008">
        <test-method is-config="true" signature="setUp(java.lang.String)[pri:0, instance:in.automationtesting.practice.testCases.MyAccountLogin_TC008@62452cc9]" started-at="2021-01-27T10:03:02Z" name="setUp" finished-at="2021-01-27T10:03:06Z" duration-ms="3593" status="PASS">
          <params>
            <param index="0">
              <value>
                <![CDATA[Chrome]]>
              </value>
            </param>
          </params>
          <reporter-output>
          </reporter-output>
        </test-method> <!-- setUp -->
        <test-method signature="setURL()[pri:1, instance:in.automationtesting.practice.testCases.MyAccountLogin_TC008@62452cc9]" started-at="2021-01-27T10:03:06Z" name="setURL" description="setURL" finished-at="2021-01-27T10:03:16Z" duration-ms="10345" status="PASS">
          <reporter-output>
          </reporter-output>
        </test-method> <!-- setURL -->
        <test-method signature="clickOnMyAccMenu()[pri:2, instance:in.automationtesting.practice.testCases.MyAccountLogin_TC008@62452cc9]" started-at="2021-01-27T10:05:00Z" name="clickOnMyAccMenu" description="Click on My Account Menu" finished-at="2021-01-27T10:05:14Z" duration-ms="13798" status="PASS">
          <reporter-output>
          </reporter-output>
        </test-method> <!-- clickOnMyAccMenu -->
        <test-method signature="Login()[pri:3, instance:in.automationtesting.practice.testCases.MyAccountLogin_TC008@62452cc9]" started-at="2021-01-27T10:06:22Z" name="Login" description="Click on Register" finished-at="2021-01-27T10:06:29Z" duration-ms="6883" status="PASS">
          <reporter-output>
          </reporter-output>
        </test-method> <!-- Login -->
        <test-method signature="logOut()[pri:4, instance:in.automationtesting.practice.testCases.MyAccountLogin_TC008@62452cc9]" started-at="2021-01-27T10:06:30Z" name="logOut" description="Logout" finished-at="2021-01-27T10:06:38Z" duration-ms="8483" status="PASS">
          <reporter-output>
          </reporter-output>
        </test-method> <!-- logOut -->
        <test-method is-config="true" signature="tearDown()[pri:0, instance:in.automationtesting.practice.testCases.MyAccountLogin_TC008@62452cc9]" started-at="2021-01-27T10:06:38Z" name="tearDown" finished-at="2021-01-27T10:06:39Z" duration-ms="863" status="PASS">
          <reporter-output>
          </reporter-output>
        </test-method> <!-- tearDown -->
      </class> <!-- in.automationtesting.practice.testCases.MyAccountLogin_TC008 -->
      <class name="in.automationtesting.practice.testCases.HomePageWithThreeArrivals">
        <test-method is-config="true" signature="setUp(java.lang.String)[pri:0, instance:in.automationtesting.practice.testCases.HomePageWithThreeArrivals@5a7005d]" started-at="2021-01-27T10:03:30Z" name="setUp" finished-at="2021-01-27T10:03:36Z" duration-ms="6334" status="PASS">
          <params>
            <param index="0">
              <value>
                <![CDATA[Chrome]]>
              </value>
            </param>
          </params>
          <reporter-output>
          </reporter-output>
        </test-method> <!-- setUp -->
        <test-method signature="homepagenav()[pri:1, instance:in.automationtesting.practice.testCases.HomePageWithThreeArrivals@5a7005d]" started-at="2021-01-27T10:03:36Z" name="homepagenav" description="HomePageNavigation" finished-at="2021-01-27T10:03:36Z" duration-ms="125" status="FAIL">
          <exception class="org.openqa.selenium.NoSuchElementException">
            <message>
              <![CDATA[no such element: Unable to locate element: {"method":"xpath","selector":".//ul[@class='main-nav']/li[contains(.,'Shop')]"}
  (Session info: chrome=87.0.4280.141)
For documentation on this error, please visit: https://www.seleniumhq.org/exceptions/no_such_element.html
Build info: version: '3.141.59', revision: 'e82be7d358', time: '2018-11-14T08:17:03'
System info: host: 'SAIBHASKAR-PC', ip: '192.168.1.101', os.name: 'Windows 10', os.arch: 'amd64', os.version: '10.0', java.version: '14.0.2'
Driver info: org.openqa.selenium.chrome.ChromeDriver
Capabilities {acceptInsecureCerts: false, browserName: chrome, browserVersion: 87.0.4280.141, chrome: {chromedriverVersion: 87.0.4280.88 (89e2380a3e36c..., userDataDir: C:\Users\ssaib\AppData\Loca...}, goog:chromeOptions: {debuggerAddress: localhost:49416}, javascriptEnabled: true, networkConnectionEnabled: false, pageLoadStrategy: normal, platform: WINDOWS, platformName: WINDOWS, proxy: Proxy(), setWindowRect: true, strictFileInteractability: false, timeouts: {implicit: 0, pageLoad: 300000, script: 30000}, unhandledPromptBehavior: dismiss and notify, webauthn:virtualAuthenticators: true}
Session ID: a45e084780a0dd437aebb26570630fb0
*** Element info: {Using=xpath, value=.//ul[@class='main-nav']/li[contains(.,'Shop')]}]]>
            </message>
            <full-stacktrace>
              <![CDATA[org.openqa.selenium.NoSuchElementException: no such element: Unable to locate element: {"method":"xpath","selector":".//ul[@class='main-nav']/li[contains(.,'Shop')]"}
  (Session info: chrome=87.0.4280.141)
For documentation on this error, please visit: https://www.seleniumhq.org/exceptions/no_such_element.html
Build info: version: '3.141.59', revision: 'e82be7d358', time: '2018-11-14T08:17:03'
System info: host: 'SAIBHASKAR-PC', ip: '192.168.1.101', os.name: 'Windows 10', os.arch: 'amd64', os.version: '10.0', java.version: '14.0.2'
Driver info: org.openqa.selenium.chrome.ChromeDriver
Capabilities {acceptInsecureCerts: false, browserName: chrome, browserVersion: 87.0.4280.141, chrome: {chromedriverVersion: 87.0.4280.88 (89e2380a3e36c..., userDataDir: C:\Users\ssaib\AppData\Loca...}, goog:chromeOptions: {debuggerAddress: localhost:49416}, javascriptEnabled: true, networkConnectionEnabled: false, pageLoadStrategy: normal, platform: WINDOWS, platformName: WINDOWS, proxy: Proxy(), setWindowRect: true, strictFileInteractability: false, timeouts: {implicit: 0, pageLoad: 300000, script: 30000}, unhandledPromptBehavior: dismiss and notify, webauthn:virtualAuthenticators: true}
Session ID: a45e084780a0dd437aebb26570630fb0
*** Element info: {Using=xpath, value=.//ul[@class='main-nav']/li[contains(.,'Shop')]}
at java.base/jdk.internal.reflect.NativeConstructorAccessorImpl.newInstance0(Native Method)
at java.base/jdk.internal.reflect.NativeConstructorAccessorImpl.newInstance(NativeConstructorAccessorImpl.java:62)
at java.base/jdk.internal.reflect.DelegatingConstructorAccessorImpl.newInstance(DelegatingConstructorAccessorImpl.java:45)
at java.base/java.lang.reflect.Constructor.newInstanceWithCaller(Constructor.java:500)
at java.base/java.lang.reflect.Constructor.newInstance(Constructor.java:481)
at org.openqa.selenium.remote.http.W3CHttpResponseCodec.createException(W3CHttpResponseCodec.java:187)
at org.openqa.selenium.remote.http.W3CHttpResponseCodec.decode(W3CHttpResponseCodec.java:122)
at org.openqa.selenium.remote.http.W3CHttpResponseCodec.decode(W3CHttpResponseCodec.java:49)
at org.openqa.selenium.remote.HttpCommandExecutor.execute(HttpCommandExecutor.java:158)
at org.openqa.selenium.remote.service.DriverCommandExecutor.execute(DriverCommandExecutor.java:83)
at org.openqa.selenium.remote.RemoteWebDriver.execute(RemoteWebDriver.java:552)
at org.openqa.selenium.remote.RemoteWebDriver.findElement(RemoteWebDriver.java:323)
at org.openqa.selenium.remote.RemoteWebDriver.findElementByXPath(RemoteWebDriver.java:428)
at org.openqa.selenium.By$ByXPath.findElement(By.java:353)
at org.openqa.selenium.remote.RemoteWebDriver.findElement(RemoteWebDriver.java:315)
at org.openqa.selenium.support.pagefactory.DefaultElementLocator.findElement(DefaultElementLocator.java:69)
at org.openqa.selenium.support.pagefactory.internal.LocatingElementHandler.invoke(LocatingElementHandler.java:38)
at com.sun.proxy.$Proxy27.click(Unknown Source)
at in.automationtesting.practice.pageObjects.HomePage.clickOnMainNav(HomePage.java:45)
at in.automationtesting.practice.testCases.HomePageWithThreeArrivals.homepagenav(HomePageWithThreeArrivals.java:14)
at java.base/jdk.internal.reflect.NativeMethodAccessorImpl.invoke0(Native Method)
at java.base/jdk.internal.reflect.NativeMethodAccessorImpl.invoke(NativeMethodAccessorImpl.java:62)
at java.base/jdk.internal.reflect.DelegatingMethodAccessorImpl.invoke(DelegatingMethodAccessorImpl.java:43)
at java.base/java.lang.reflect.Method.invoke(Method.java:564)
at org.testng.internal.MethodInvocationHelper.invokeMethod(MethodInvocationHelper.java:124)
at org.testng.internal.Invoker.invokeMethod(Invoker.java:583)
at org.testng.internal.Invoker.invokeTestMethod(Invoker.java:719)
at org.testng.internal.Invoker.invokeTestMethods(Invoker.java:989)
at org.testng.internal.TestMethodWorker.invokeTestMethods(TestMethodWorker.java:125)
at org.testng.internal.TestMethodWorker.run(TestMethodWorker.java:109)
at org.testng.TestRunner.privateRun(TestRunner.java:648)
at org.testng.TestRunner.run(TestRunner.java:505)
at org.testng.SuiteRunner.runTest(SuiteRunner.java:455)
at org.testng.SuiteRunner.access$000(SuiteRunner.java:40)
at org.testng.SuiteRunner$SuiteWorker.run(SuiteRunner.java:489)
at org.testng.internal.thread.ThreadUtil$1.call(ThreadUtil.java:52)
at java.base/java.util.concurrent.FutureTask.run(FutureTask.java:264)
at java.base/java.util.concurrent.ThreadPoolExecutor.runWorker(ThreadPoolExecutor.java:1130)
at java.base/java.util.concurrent.ThreadPoolExecutor$Worker.run(ThreadPoolExecutor.java:630)
at java.base/java.lang.Thread.run(Thread.java:832)
]]>
            </full-stacktrace>
          </exception> <!-- org.openqa.selenium.NoSuchElementException -->
          <reporter-output>
          </reporter-output>
        </test-method> <!-- homepagenav -->
        <test-method is-config="true" signature="tearDown()[pri:0, instance:in.automationtesting.practice.testCases.HomePageWithThreeArrivals@5a7005d]" started-at="2021-01-27T10:03:36Z" name="tearDown" finished-at="2021-01-27T10:03:37Z" duration-ms="795" status="PASS">
          <reporter-output>
          </reporter-output>
        </test-method> <!-- tearDown -->
      </class> <!-- in.automationtesting.practice.testCases.HomePageWithThreeArrivals -->
      <class name="in.automationtesting.practice.testCases.MyAccountLogin_TC007">
        <test-method is-config="true" signature="setUp(java.lang.String)[pri:0, instance:in.automationtesting.practice.testCases.MyAccountLogin_TC007@45e37a7e]" started-at="2021-01-27T10:02:50Z" name="setUp" finished-at="2021-01-27T10:02:54Z" duration-ms="3930" status="PASS">
          <params>
            <param index="0">
              <value>
                <![CDATA[Chrome]]>
              </value>
            </param>
          </params>
          <reporter-output>
          </reporter-output>
        </test-method> <!-- setUp -->
        <test-method signature="setURL()[pri:1, instance:in.automationtesting.practice.testCases.MyAccountLogin_TC007@45e37a7e]" started-at="2021-01-27T10:02:54Z" name="setURL" description="setURL" finished-at="2021-01-27T10:03:02Z" duration-ms="8654" status="PASS">
          <reporter-output>
          </reporter-output>
        </test-method> <!-- setURL -->
        <test-method signature="clickOnMyAccMenu()[pri:2, instance:in.automationtesting.practice.testCases.MyAccountLogin_TC007@45e37a7e]" started-at="2021-01-27T10:04:46Z" name="clickOnMyAccMenu" description="Click on My Account Menu" finished-at="2021-01-27T10:05:00Z" duration-ms="14293" status="PASS">
          <reporter-output>
          </reporter-output>
        </test-method> <!-- clickOnMyAccMenu -->
        <test-method signature="Login()[pri:3, instance:in.automationtesting.practice.testCases.MyAccountLogin_TC007@45e37a7e]" started-at="2021-01-27T10:06:13Z" name="Login" description="Click on Register" finished-at="2021-01-27T10:06:21Z" duration-ms="7629" status="FAIL">
          <exception class="java.lang.AssertionError">
            <message>
              <![CDATA[expected [true] but found [false]]]>
            </message>
            <full-stacktrace>
              <![CDATA[java.lang.AssertionError: expected [true] but found [false]
at org.testng.Assert.fail(Assert.java:96)
at org.testng.Assert.failNotEquals(Assert.java:776)
at org.testng.Assert.assertTrue(Assert.java:44)
at org.testng.Assert.assertTrue(Assert.java:54)
at in.automationtesting.practice.testCases.MyAccountLogin_TC007.Login(MyAccountLogin_TC007.java:73)
at java.base/jdk.internal.reflect.NativeMethodAccessorImpl.invoke0(Native Method)
at java.base/jdk.internal.reflect.NativeMethodAccessorImpl.invoke(NativeMethodAccessorImpl.java:62)
at java.base/jdk.internal.reflect.DelegatingMethodAccessorImpl.invoke(DelegatingMethodAccessorImpl.java:43)
at java.base/java.lang.reflect.Method.invoke(Method.java:564)
at org.testng.internal.MethodInvocationHelper.invokeMethod(MethodInvocationHelper.java:124)
at org.testng.internal.Invoker.invokeMethod(Invoker.java:583)
at org.testng.internal.Invoker.invokeTestMethod(Invoker.java:719)
at org.testng.internal.Invoker.invokeTestMethods(Invoker.java:989)
at org.testng.internal.TestMethodWorker.invokeTestMethods(TestMethodWorker.java:125)
at org.testng.internal.TestMethodWorker.run(TestMethodWorker.java:109)
at org.testng.TestRunner.privateRun(TestRunner.java:648)
at org.testng.TestRunner.run(TestRunner.java:505)
at org.testng.SuiteRunner.runTest(SuiteRunner.java:455)
at org.testng.SuiteRunner.access$000(SuiteRunner.java:40)
at org.testng.SuiteRunner$SuiteWorker.run(SuiteRunner.java:489)
at org.testng.internal.thread.ThreadUtil$1.call(ThreadUtil.java:52)
at java.base/java.util.concurrent.FutureTask.run(FutureTask.java:264)
at java.base/java.util.concurrent.ThreadPoolExecutor.runWorker(ThreadPoolExecutor.java:1130)
at java.base/java.util.concurrent.ThreadPoolExecutor$Worker.run(ThreadPoolExecutor.java:630)
at java.base/java.lang.Thread.run(Thread.java:832)
]]>
            </full-stacktrace>
          </exception> <!-- java.lang.AssertionError -->
          <reporter-output>
          </reporter-output>
        </test-method> <!-- Login -->
        <test-method is-config="true" signature="tearDown()[pri:0, instance:in.automationtesting.practice.testCases.MyAccountLogin_TC007@45e37a7e]" started-at="2021-01-27T10:06:21Z" name="tearDown" finished-at="2021-01-27T10:06:22Z" duration-ms="749" status="PASS">
          <reporter-output>
          </reporter-output>
        </test-method> <!-- tearDown -->
      </class> <!-- in.automationtesting.practice.testCases.MyAccountLogin_TC007 -->
      <class name="in.automationtesting.practice.testCases.MyAccountLogin_TC004">
        <test-method is-config="true" signature="setUp(java.lang.String)[pri:0, instance:in.automationtesting.practice.testCases.MyAccountLogin_TC004@3e10dc6]" started-at="2021-01-27T10:02:23Z" name="setUp" finished-at="2021-01-27T10:02:26Z" duration-ms="3602" status="PASS">
          <params>
            <param index="0">
              <value>
                <![CDATA[Chrome]]>
              </value>
            </param>
          </params>
          <reporter-output>
          </reporter-output>
        </test-method> <!-- setUp -->
        <test-method signature="setURL()[pri:1, instance:in.automationtesting.practice.testCases.MyAccountLogin_TC004@3e10dc6]" started-at="2021-01-27T10:02:26Z" name="setURL" description="setURL" finished-at="2021-01-27T10:02:36Z" duration-ms="9876" status="PASS">
          <reporter-output>
          </reporter-output>
        </test-method> <!-- setURL -->
        <test-method signature="clickOnMyAccMenu()[pri:2, instance:in.automationtesting.practice.testCases.MyAccountLogin_TC004@3e10dc6]" started-at="2021-01-27T10:04:17Z" name="clickOnMyAccMenu" description="Click on My Account Menu" finished-at="2021-01-27T10:04:32Z" duration-ms="14561" status="PASS">
          <reporter-output>
          </reporter-output>
        </test-method> <!-- clickOnMyAccMenu -->
        <test-method signature="Login()[pri:3, instance:in.automationtesting.practice.testCases.MyAccountLogin_TC004@3e10dc6]" started-at="2021-01-27T10:05:57Z" name="Login" description="Click on Register" finished-at="2021-01-27T10:06:05Z" duration-ms="7563" status="FAIL">
          <exception class="java.lang.AssertionError">
            <message>
              <![CDATA[expected [true] but found [false]]]>
            </message>
            <full-stacktrace>
              <![CDATA[java.lang.AssertionError: expected [true] but found [false]
at org.testng.Assert.fail(Assert.java:96)
at org.testng.Assert.failNotEquals(Assert.java:776)
at org.testng.Assert.assertTrue(Assert.java:44)
at org.testng.Assert.assertTrue(Assert.java:54)
at in.automationtesting.practice.testCases.MyAccountLogin_TC004.Login(MyAccountLogin_TC004.java:58)
at java.base/jdk.internal.reflect.NativeMethodAccessorImpl.invoke0(Native Method)
at java.base/jdk.internal.reflect.NativeMethodAccessorImpl.invoke(NativeMethodAccessorImpl.java:62)
at java.base/jdk.internal.reflect.DelegatingMethodAccessorImpl.invoke(DelegatingMethodAccessorImpl.java:43)
at java.base/java.lang.reflect.Method.invoke(Method.java:564)
at org.testng.internal.MethodInvocationHelper.invokeMethod(MethodInvocationHelper.java:124)
at org.testng.internal.Invoker.invokeMethod(Invoker.java:583)
at org.testng.internal.Invoker.invokeTestMethod(Invoker.java:719)
at org.testng.internal.Invoker.invokeTestMethods(Invoker.java:989)
at org.testng.internal.TestMethodWorker.invokeTestMethods(TestMethodWorker.java:125)
at org.testng.internal.TestMethodWorker.run(TestMethodWorker.java:109)
at org.testng.TestRunner.privateRun(TestRunner.java:648)
at org.testng.TestRunner.run(TestRunner.java:505)
at org.testng.SuiteRunner.runTest(SuiteRunner.java:455)
at org.testng.SuiteRunner.access$000(SuiteRunner.java:40)
at org.testng.SuiteRunner$SuiteWorker.run(SuiteRunner.java:489)
at org.testng.internal.thread.ThreadUtil$1.call(ThreadUtil.java:52)
at java.base/java.util.concurrent.FutureTask.run(FutureTask.java:264)
at java.base/java.util.concurrent.ThreadPoolExecutor.runWorker(ThreadPoolExecutor.java:1130)
at java.base/java.util.concurrent.ThreadPoolExecutor$Worker.run(ThreadPoolExecutor.java:630)
at java.base/java.lang.Thread.run(Thread.java:832)
]]>
            </full-stacktrace>
          </exception> <!-- java.lang.AssertionError -->
          <reporter-output>
          </reporter-output>
        </test-method> <!-- Login -->
        <test-method is-config="true" signature="tearDown()[pri:0, instance:in.automationtesting.practice.testCases.MyAccountLogin_TC004@3e10dc6]" started-at="2021-01-27T10:06:05Z" name="tearDown" finished-at="2021-01-27T10:06:05Z" duration-ms="682" status="PASS">
          <reporter-output>
          </reporter-output>
        </test-method> <!-- tearDown -->
      </class> <!-- in.automationtesting.practice.testCases.MyAccountLogin_TC004 -->
      <class name="in.automationtesting.practice.testCases.MyAccountLogin_TC005">
        <test-method is-config="true" signature="setUp(java.lang.String)[pri:0, instance:in.automationtesting.practice.testCases.MyAccountLogin_TC005@7e22550a]" started-at="2021-01-27T10:02:36Z" name="setUp" finished-at="2021-01-27T10:02:40Z" duration-ms="3505" status="PASS">
          <params>
            <param index="0">
              <value>
                <![CDATA[Chrome]]>
              </value>
            </param>
          </params>
          <reporter-output>
          </reporter-output>
        </test-method> <!-- setUp -->
        <test-method signature="setURL()[pri:1, instance:in.automationtesting.practice.testCases.MyAccountLogin_TC005@7e22550a]" started-at="2021-01-27T10:02:40Z" name="setURL" description="setURL" finished-at="2021-01-27T10:02:50Z" duration-ms="10208" status="PASS">
          <reporter-output>
          </reporter-output>
        </test-method> <!-- setURL -->
        <test-method signature="clickOnMyAccMenu()[pri:2, instance:in.automationtesting.practice.testCases.MyAccountLogin_TC005@7e22550a]" started-at="2021-01-27T10:04:32Z" name="clickOnMyAccMenu" description="Click on My Account Menu" finished-at="2021-01-27T10:04:46Z" duration-ms="14181" status="PASS">
          <reporter-output>
          </reporter-output>
        </test-method> <!-- clickOnMyAccMenu -->
        <test-method signature="Login()[pri:3, instance:in.automationtesting.practice.testCases.MyAccountLogin_TC005@7e22550a]" started-at="2021-01-27T10:06:05Z" name="Login" description="Click on Register" finished-at="2021-01-27T10:06:13Z" duration-ms="7343" status="FAIL">
          <exception class="java.lang.AssertionError">
            <message>
              <![CDATA[expected [true] but found [false]]]>
            </message>
            <full-stacktrace>
              <![CDATA[java.lang.AssertionError: expected [true] but found [false]
at org.testng.Assert.fail(Assert.java:96)
at org.testng.Assert.failNotEquals(Assert.java:776)
at org.testng.Assert.assertTrue(Assert.java:44)
at org.testng.Assert.assertTrue(Assert.java:54)
at in.automationtesting.practice.testCases.MyAccountLogin_TC005.Login(MyAccountLogin_TC005.java:58)
at java.base/jdk.internal.reflect.NativeMethodAccessorImpl.invoke0(Native Method)
at java.base/jdk.internal.reflect.NativeMethodAccessorImpl.invoke(NativeMethodAccessorImpl.java:62)
at java.base/jdk.internal.reflect.DelegatingMethodAccessorImpl.invoke(DelegatingMethodAccessorImpl.java:43)
at java.base/java.lang.reflect.Method.invoke(Method.java:564)
at org.testng.internal.MethodInvocationHelper.invokeMethod(MethodInvocationHelper.java:124)
at org.testng.internal.Invoker.invokeMethod(Invoker.java:583)
at org.testng.internal.Invoker.invokeTestMethod(Invoker.java:719)
at org.testng.internal.Invoker.invokeTestMethods(Invoker.java:989)
at org.testng.internal.TestMethodWorker.invokeTestMethods(TestMethodWorker.java:125)
at org.testng.internal.TestMethodWorker.run(TestMethodWorker.java:109)
at org.testng.TestRunner.privateRun(TestRunner.java:648)
at org.testng.TestRunner.run(TestRunner.java:505)
at org.testng.SuiteRunner.runTest(SuiteRunner.java:455)
at org.testng.SuiteRunner.access$000(SuiteRunner.java:40)
at org.testng.SuiteRunner$SuiteWorker.run(SuiteRunner.java:489)
at org.testng.internal.thread.ThreadUtil$1.call(ThreadUtil.java:52)
at java.base/java.util.concurrent.FutureTask.run(FutureTask.java:264)
at java.base/java.util.concurrent.ThreadPoolExecutor.runWorker(ThreadPoolExecutor.java:1130)
at java.base/java.util.concurrent.ThreadPoolExecutor$Worker.run(ThreadPoolExecutor.java:630)
at java.base/java.lang.Thread.run(Thread.java:832)
]]>
            </full-stacktrace>
          </exception> <!-- java.lang.AssertionError -->
          <reporter-output>
          </reporter-output>
        </test-method> <!-- Login -->
        <test-method is-config="true" signature="tearDown()[pri:0, instance:in.automationtesting.practice.testCases.MyAccountLogin_TC005@7e22550a]" started-at="2021-01-27T10:06:13Z" name="tearDown" finished-at="2021-01-27T10:06:13Z" duration-ms="678" status="PASS">
          <reporter-output>
          </reporter-output>
        </test-method> <!-- tearDown -->
      </class> <!-- in.automationtesting.practice.testCases.MyAccountLogin_TC005 -->
    </test> <!-- chrome -->
  </suite> <!-- automationtesting -->
</testng-results>
